Build started 2017/10/30 13:56:46.
     1>Project "\\mac\home\documents\visual studio 2013\Projects\Hw02\Q77\Q77.vcxproj" on node 2 (Build target(s)).
     1>ClCompile:
         C:\Program Files (x86)\Microsoft Visual Studio 12.0\VC\bin\CL.exe /c /ZI /W3 /WX- /sdl /Od /Oy- /D _MBCS /Gm /EHsc /RTC1 /MDd /GS /fp:precise /Zc:wchar_t /Zc:forScope /Fo"Debug\\" /Fd"Debug\vc120.pdb" /Gd /TP /analyze- /errorReport:prompt Q77.cpp
         Microsoft (R) C/C++ Optimizing Compiler Version 18.00.40629 for x86
         Copyright (C) Microsoft Corporation.  All rights reserved.
         
         cl /c /ZI /W3 /WX- /sdl /Od /Oy- /D _MBCS /Gm /EHsc /RTC1 /MDd /GS /fp:precise /Zc:wchar_t /Zc:forScope /Fo"Debug\\" /Fd"Debug\vc120.pdb" /Gd /TP /analyze- /errorReport:prompt Q77.cpp
         
         Q77.cpp
     1>\\mac\home\documents\visual studio 2013\projects\hw02\q77\q77.cpp(29): warning C4101: 'c' : unreferenced local variable
     1>\\mac\home\documents\visual studio 2013\projects\hw02\q77\q77.cpp(27): warning C4715: 'pushTagName' : not all control paths return a value
     1>\\mac\home\documents\visual studio 2013\projects\hw02\q77\q77.cpp(65): warning C4715: 'isComment' : not all control paths return a value
     1>\\mac\home\documents\visual studio 2013\projects\hw02\q77\q77.cpp(119): warning C4715: 'judgeTagContents' : not all control paths return a value
       Link:
         C:\Program Files (x86)\Microsoft Visual Studio 12.0\VC\bin\link.exe /ERRORREPORT:PROMPT /OUT:"\\mac\home\documents\visual studio 2013\Projects\Hw02\Debug\Q77.exe" /INCREMENTAL kernel32.lib user32.lib gdi32.lib winspool.lib comdlg32.lib advapi32.lib shell32.lib ole32.lib oleaut32.lib uuid.lib odbc32.lib odbccp32.lib /MANIFEST /MANIFESTUAC:"level='asInvoker' uiAccess='false'" /manifest:embed /DEBUG /PDB:"\\mac\home\documents\visual studio 2013\Projects\Hw02\Debug\Q77.pdb" /TLBID:1 /DYNAMICBASE /NXCOMPAT /IMPLIB:"\\mac\home\documents\visual studio 2013\Projects\Hw02\Debug\Q77.lib" /MACHINE:X86 Debug\Q77.obj
         Debug\xxzString.obj
         Microsoft (R) Incremental Linker Version 12.00.40629.0
         Copyright (C) Microsoft Corporation.  All rights reserved.
         
         "/OUT:\\mac\home\documents\visual studio 2013\Projects\Hw02\Debug\Q77.exe" /INCREMENTAL kernel32.lib user32.lib gdi32.lib winspool.lib comdlg32.lib advapi32.lib shell32.lib ole32.lib oleaut32.lib uuid.lib odbc32.lib odbccp32.lib /MANIFEST "/MANIFESTUAC:level='asInvoker' uiAccess='false'" /manifest:embed /DEBUG "/PDB:\\mac\home\documents\visual studio 2013\Projects\Hw02\Debug\Q77.pdb" /TLBID:1 /DYNAMICBASE /NXCOMPAT "/IMPLIB:\\mac\home\documents\visual studio 2013\Projects\Hw02\Debug\Q77.lib" /MACHINE:X86 Debug\Q77.obj 
         Debug\xxzString.obj 
         Q77.vcxproj -> \\mac\home\documents\visual studio 2013\Projects\Hw02\Debug\Q77.exe
     1>Done Building Project "\\mac\home\documents\visual studio 2013\Projects\Hw02\Q77\Q77.vcxproj" (Build target(s)).

Build succeeded.

Time Elapsed 00:00:00.99
